  [4;36;1mSQL (0.000278)[0m   [0;1m SELECT name
 FROM sqlite_master
 WHERE type = 'table' AND NOT name = 'sqlite_sequence'
[0m
  [4;35;1mSQL (0.000162)[0m   [0mselect sqlite_version(*)[0m
  [4;36;1mSQL (0.006968)[0m   [0;1mCREATE TABLE "schema_migrations" ("version" varchar(255) NOT NULL) [0m
  [4;35;1mSQL (0.072019)[0m   [0mCREATE UNIQUE INDEX "unique_schema_migrations" ON "schema_migrations" ("version")[0m
  [4;36;1mSQL (0.000341)[0m   [0;1m SELECT name
 FROM sqlite_master
 WHERE type = 'table' AND NOT name = 'sqlite_sequence'
[0m
  [4;36;1mSQL (0.000510)[0m   [0;1m SELECT name
 FROM sqlite_master
 WHERE type = 'table' AND NOT name = 'sqlite_sequence'
[0m
  [4;35;1mSQL (0.000097)[0m   [0mSELECT version FROM schema_migrations[0m
Migrating to CreatePhonemes (1)
  [4;36;1mSQL (0.000182)[0m   [0;1mselect sqlite_version(*)[0m
  [4;35;1mSQL (0.000456)[0m   [0mCREATE TABLE "phonemes" ("id" INTEGER PRIMARY KEY AUTOINCREMENT NOT NULL, "phoneme" varchar(255) NOT NULL) [0m
  [4;36;1mSQL (0.002158)[0m   [0;1mINSERT INTO schema_migrations (version) VALUES ('1')[0m
  [4;36;1mSQL (0.000565)[0m   [0;1m SELECT name
 FROM sqlite_master
 WHERE type = 'table' AND NOT name = 'sqlite_sequence'
[0m
  [4;35;1mSQL (0.000145)[0m   [0mSELECT version FROM schema_migrations[0m
  [4;36;1mSQL (0.000197)[0m   [0;1m SELECT name
 FROM sqlite_master
 WHERE type = 'table' AND NOT name = 'sqlite_sequence'
[0m
  [4;35;1mSQL (0.000159)[0m   [0mSELECT version FROM schema_migrations[0m
Migrating to CreatePhonemes (1)
  [4;36;1mSQL (0.007025)[0m   [0;1mDROP TABLE "phonemes"[0m
  [4;35;1mSQL (0.001842)[0m   [0mDELETE FROM schema_migrations WHERE version = '1'[0m
  [4;36;1mSQL (0.000458)[0m   [0;1m SELECT name
 FROM sqlite_master
 WHERE type = 'table' AND NOT name = 'sqlite_sequence'
[0m
  [4;35;1mSQL (0.000133)[0m   [0mSELECT version FROM schema_migrations[0m
Migrating to CreatePhonemes (1)
  [4;36;1mSQL (0.000254)[0m   [0;1mselect sqlite_version(*)[0m
  [4;35;1mSQL (0.000477)[0m   [0mCREATE TABLE "phonemes" ("id" INTEGER PRIMARY KEY AUTOINCREMENT NOT NULL, "phone" varchar(255) NOT NULL) [0m
  [4;36;1mSQL (0.000623)[0m   [0;1m SELECT name
 FROM sqlite_master
 WHERE type = 'table' AND NOT name = 'sqlite_sequence'
[0m
  [4;35;1mSQL (0.000094)[0m   [0mSELECT version FROM schema_migrations[0m
Migrating to CreatePhonemes (1)
  [4;36;1mSQL (0.001155)[0m   [0;1mselect sqlite_version(*)[0m
  [4;35;1mSQL (0.000381)[0m   [0mCREATE TABLE "phonemes" ("id" INTEGER PRIMARY KEY AUTOINCREMENT NOT NULL, "phone" varchar(255) NOT NULL) [0m
  [4;36;1mSQL (0.000308)[0m   [0;1m SELECT name
 FROM sqlite_master
 WHERE type = 'table' AND NOT name = 'sqlite_sequence'
[0m
  [4;36;1mSQL (0.000606)[0m   [0;1m SELECT name
 FROM sqlite_master
 WHERE type = 'table' AND NOT name = 'sqlite_sequence'
[0m
  [4;35;1mSQL (0.000105)[0m   [0mSELECT version FROM schema_migrations[0m
Migrating to CreatePhonemes (1)
  [4;36;1mSQL (0.000165)[0m   [0;1mselect sqlite_version(*)[0m
  [4;35;1mSQL (0.000000)[0m   [0mSQLite3::SQLException: table "phonemes" already exists: CREATE TABLE "phonemes" ("id" INTEGER PRIMARY KEY AUTOINCREMENT NOT NULL, "phone" varchar(255) NOT NULL) [0m
  [4;36;1mSQL (0.000537)[0m   [0;1m SELECT name
 FROM sqlite_master
 WHERE type = 'table' AND NOT name = 'sqlite_sequence'
[0m
  [4;35;1mSQL (0.000075)[0m   [0mSELECT version FROM schema_migrations[0m
  [4;36;1mSQL (0.000188)[0m   [0;1m SELECT name
 FROM sqlite_master
 WHERE type = 'table' AND NOT name = 'sqlite_sequence'
[0m
  [4;35;1mSQL (0.000095)[0m   [0mSELECT version FROM schema_migrations[0m
Migrating to CreatePhonemes (1)
  [4;36;1mSQL (0.000165)[0m   [0;1mselect sqlite_version(*)[0m
  [4;35;1mSQL (0.000000)[0m   [0mSQLite3::SQLException: table "phonemes" already exists: CREATE TABLE "phonemes" ("id" INTEGER PRIMARY KEY AUTOINCREMENT NOT NULL, "phone" varchar(255) NOT NULL) [0m
  [4;36;1mSQL (0.000333)[0m   [0;1m SELECT name
 FROM sqlite_master
 WHERE type = 'table' AND NOT name = 'sqlite_sequence'
[0m
  [4;35;1mSQL (0.000165)[0m   [0mselect sqlite_version(*)[0m
  [4;36;1mSQL (0.004290)[0m   [0;1mCREATE TABLE "schema_migrations" ("version" varchar(255) NOT NULL) [0m
  [4;35;1mSQL (0.002117)[0m   [0mCREATE UNIQUE INDEX "unique_schema_migrations" ON "schema_migrations" ("version")[0m
  [4;36;1mSQL (0.000155)[0m   [0;1m SELECT name
 FROM sqlite_master
 WHERE type = 'table' AND NOT name = 'sqlite_sequence'
[0m
  [4;35;1mSQL (0.000102)[0m   [0mSELECT version FROM schema_migrations[0m
Migrating to CreatePhonemes (1)
  [4;36;1mSQL (0.000353)[0m   [0;1mCREATE TABLE "phonemes" ("id" INTEGER PRIMARY KEY AUTOINCREMENT NOT NULL, "phone" varchar(255) NOT NULL) [0m
  [4;35;1mSQL (0.001860)[0m   [0mINSERT INTO schema_migrations (version) VALUES ('1')[0m
Migrating to ImportPhonemes (2)
  [4;36;1mSQL (0.000554)[0m   [0;1m SELECT name
 FROM sqlite_master
 WHERE type = 'table' AND NOT name = 'sqlite_sequence'
[0m
  [4;35;1mSQL (0.000186)[0m   [0mSELECT version FROM schema_migrations[0m
Migrating to CreatePhonemes (1)
Migrating to ImportPhonemes (2)
  [4;36;1mSQL (0.000159)[0m   [0;1mselect * from phonemes[0m
  [4;35;1mSQL (0.000322)[0m   [0m SELECT name
 FROM sqlite_master
 WHERE type = 'table' AND NOT name = 'sqlite_sequence'
[0m
  [4;36;1mSQL (0.000325)[0m   [0;1m SELECT name
 FROM sqlite_master
 WHERE type = 'table' AND NOT name = 'sqlite_sequence'
[0m
  [4;35;1mSQL (0.000282)[0m   [0mSELECT count(*) AS count_all FROM "phonemes" [0m
  [4;36;1mSQL (0.000549)[0m   [0;1m SELECT name
 FROM sqlite_master
 WHERE type = 'table' AND NOT name = 'sqlite_sequence'
[0m
  [4;35;1mSQL (0.000209)[0m   [0mSELECT version FROM schema_migrations[0m
Migrating to CreatePhonemes (1)
Migrating to ImportPhonemes (2)
  [4;36;1mSQL (0.000548)[0m   [0;1m SELECT name
 FROM sqlite_master
 WHERE type = 'table' AND NOT name = 'sqlite_sequence'
[0m
  [4;35;1mSQL (0.000184)[0m   [0mSELECT version FROM schema_migrations[0m
Migrating to CreatePhonemes (1)
Migrating to ImportPhonemes (2)
  [4;36;1mSQL (0.000404)[0m   [0;1m SELECT name
 FROM sqlite_master
 WHERE type = 'table' AND NOT name = 'sqlite_sequence'
[0m
  [4;36;1mSQL (0.000547)[0m   [0;1m SELECT name
 FROM sqlite_master
 WHERE type = 'table' AND NOT name = 'sqlite_sequence'
[0m
  [4;35;1mSQL (0.000181)[0m   [0mSELECT version FROM schema_migrations[0m
Migrating to CreatePhonemes (1)
Migrating to ImportPhonemes (2)
  [4;36;1mSQL (1.4ms)[0m   [0;1m SELECT name
 FROM sqlite_master
 WHERE type = 'table' AND NOT name = 'sqlite_sequence'
[0m
  [4;35;1mSQL (0.2ms)[0m   [0mSELECT version FROM schema_migrations[0m
  [4;36;1mSQL (0.2ms)[0m   [0;1m SELECT name
 FROM sqlite_master
 WHERE type = 'table' AND NOT name = 'sqlite_sequence'
[0m
  [4;35;1mSQL (0.2ms)[0m   [0mSELECT version FROM schema_migrations[0m
Migrating to CreatePhonemes (1)
  [4;36;1mSQL (0.1ms)[0m   [0;1mselect sqlite_version(*)[0m
  [4;35;1mSQL (0.5ms)[0m   [0mDROP TABLE "phonemes"[0m
  [4;36;1mSQL (0.1ms)[0m   [0;1mDELETE FROM schema_migrations WHERE version = '1'[0m
  [4;36;1mSQL (0.9ms)[0m   [0;1m SELECT name
 FROM sqlite_master
 WHERE type = 'table' AND NOT name = 'sqlite_sequence'
[0m
  [4;35;1mSQL (0.1ms)[0m   [0mSELECT version FROM schema_migrations[0m
Migrating to CreatePhonemes (1)
  [4;36;1mSQL (0.2ms)[0m   [0;1mselect sqlite_version(*)[0m
  [4;35;1mSQL (0.6ms)[0m   [0mCREATE TABLE "phonemes" ("id" INTEGER PRIMARY KEY AUTOINCREMENT NOT NULL, "phone" varchar(255) NOT NULL) [0m
  [4;36;1mSQL (0.1ms)[0m   [0;1mINSERT INTO schema_migrations (version) VALUES ('1')[0m
Migrating to ImportPhonemes (2)
  [4;35;1mPhoneme Create (0.3ms)[0m   [0mINSERT INTO "phonemes" ("phone") VALUES('AA')[0m
  [4;36;1mPhoneme Create (0.1ms)[0m   [0;1mINSERT INTO "phonemes" ("phone") VALUES('AA0')[0m
  [4;35;1mPhoneme Create (0.1ms)[0m   [0mINSERT INTO "phonemes" ("phone") VALUES('AA1')[0m
  [4;36;1mPhoneme Create (0.1ms)[0m   [0;1mINSERT INTO "phonemes" ("phone") VALUES('AA2')[0m
  [4;35;1mPhoneme Create (0.1ms)[0m   [0mINSERT INTO "phonemes" ("phone") VALUES('AE')[0m
  [4;36;1mPhoneme Create (0.1ms)[0m   [0;1mINSERT INTO "phonemes" ("phone") VALUES('AE0')[0m
  [4;35;1mPhoneme Create (0.1ms)[0m   [0mINSERT INTO "phonemes" ("phone") VALUES('AE1')[0m
  [4;36;1mPhoneme Create (0.1ms)[0m   [0;1mINSERT INTO "phonemes" ("phone") VALUES('AE2')[0m
  [4;35;1mPhoneme Create (0.1ms)[0m   [0mINSERT INTO "phonemes" ("phone") VALUES('AH')[0m
  [4;36;1mPhoneme Create (0.1ms)[0m   [0;1mINSERT INTO "phonemes" ("phone") VALUES('AH0')[0m
  [4;35;1mPhoneme Create (0.1ms)[0m   [0mINSERT INTO "phonemes" ("phone") VALUES('AH1')[0m
  [4;36;1mPhoneme Create (0.1ms)[0m   [0;1mINSERT INTO "phonemes" ("phone") VALUES('AH2')[0m
  [4;35;1mPhoneme Create (0.1ms)[0m   [0mINSERT INTO "phonemes" ("phone") VALUES('AO')[0m
  [4;36;1mPhoneme Create (0.1ms)[0m   [0;1mINSERT INTO "phonemes" ("phone") VALUES('AO0')[0m
  [4;35;1mPhoneme Create (0.1ms)[0m   [0mINSERT INTO "phonemes" ("phone") VALUES('AO1')[0m
  [4;36;1mPhoneme Create (0.1ms)[0m   [0;1mINSERT INTO "phonemes" ("phone") VALUES('AO2')[0m
  [4;35;1mPhoneme Create (0.1ms)[0m   [0mINSERT INTO "phonemes" ("phone") VALUES('AW')[0m
  [4;36;1mPhoneme Create (0.1ms)[0m   [0;1mINSERT INTO "phonemes" ("phone") VALUES('AW0')[0m
  [4;35;1mPhoneme Create (0.1ms)[0m   [0mINSERT INTO "phonemes" ("phone") VALUES('AW1')[0m
  [4;36;1mPhoneme Create (0.1ms)[0m   [0;1mINSERT INTO "phonemes" ("phone") VALUES('AW2')[0m
  [4;35;1mPhoneme Create (0.1ms)[0m   [0mINSERT INTO "phonemes" ("phone") VALUES('AY')[0m
  [4;36;1mPhoneme Create (0.1ms)[0m   [0;1mINSERT INTO "phonemes" ("phone") VALUES('AY0')[0m
  [4;35;1mPhoneme Create (0.1ms)[0m   [0mINSERT INTO "phonemes" ("phone") VALUES('AY1')[0m
  [4;36;1mPhoneme Create (0.1ms)[0m   [0;1mINSERT INTO "phonemes" ("phone") VALUES('AY2')[0m
  [4;35;1mPhoneme Create (0.1ms)[0m   [0mINSERT INTO "phonemes" ("phone") VALUES('B')[0m
  [4;36;1mPhoneme Create (0.1ms)[0m   [0;1mINSERT INTO "phonemes" ("phone") VALUES('CH')[0m
  [4;35;1mPhoneme Create (0.1ms)[0m   [0mINSERT INTO "phonemes" ("phone") VALUES('D')[0m
  [4;36;1mPhoneme Create (0.1ms)[0m   [0;1mINSERT INTO "phonemes" ("phone") VALUES('DH')[0m
  [4;35;1mPhoneme Create (0.1ms)[0m   [0mINSERT INTO "phonemes" ("phone") VALUES('EH')[0m
  [4;36;1mPhoneme Create (0.1ms)[0m   [0;1mINSERT INTO "phonemes" ("phone") VALUES('EH0')[0m
  [4;35;1mPhoneme Create (0.1ms)[0m   [0mINSERT INTO "phonemes" ("phone") VALUES('EH1')[0m
  [4;36;1mPhoneme Create (0.1ms)[0m   [0;1mINSERT INTO "phonemes" ("phone") VALUES('EH2')[0m
  [4;35;1mPhoneme Create (0.1ms)[0m   [0mINSERT INTO "phonemes" ("phone") VALUES('ER')[0m
  [4;36;1mPhoneme Create (0.1ms)[0m   [0;1mINSERT INTO "phonemes" ("phone") VALUES('ER0')[0m
  [4;35;1mPhoneme Create (0.1ms)[0m   [0mINSERT INTO "phonemes" ("phone") VALUES('ER1')[0m
  [4;36;1mPhoneme Create (0.1ms)[0m   [0;1mINSERT INTO "phonemes" ("phone") VALUES('ER2')[0m
  [4;35;1mPhoneme Create (0.1ms)[0m   [0mINSERT INTO "phonemes" ("phone") VALUES('EY')[0m
  [4;36;1mPhoneme Create (0.1ms)[0m   [0;1mINSERT INTO "phonemes" ("phone") VALUES('EY0')[0m
  [4;35;1mPhoneme Create (0.1ms)[0m   [0mINSERT INTO "phonemes" ("phone") VALUES('EY1')[0m
  [4;36;1mPhoneme Create (0.1ms)[0m   [0;1mINSERT INTO "phonemes" ("phone") VALUES('EY2')[0m
  [4;35;1mPhoneme Create (0.1ms)[0m   [0mINSERT INTO "phonemes" ("phone") VALUES('F')[0m
  [4;36;1mPhoneme Create (0.1ms)[0m   [0;1mINSERT INTO "phonemes" ("phone") VALUES('G')[0m
  [4;35;1mPhoneme Create (0.1ms)[0m   [0mINSERT INTO "phonemes" ("phone") VALUES('HH')[0m
  [4;36;1mPhoneme Create (0.1ms)[0m   [0;1mINSERT INTO "phonemes" ("phone") VALUES('IH')[0m
  [4;35;1mPhoneme Create (0.1ms)[0m   [0mINSERT INTO "phonemes" ("phone") VALUES('IH0')[0m
  [4;36;1mPhoneme Create (0.1ms)[0m   [0;1mINSERT INTO "phonemes" ("phone") VALUES('IH1')[0m
  [4;35;1mPhoneme Create (0.1ms)[0m   [0mINSERT INTO "phonemes" ("phone") VALUES('IH2')[0m
  [4;36;1mPhoneme Create (0.1ms)[0m   [0;1mINSERT INTO "phonemes" ("phone") VALUES('IY')[0m
  [4;35;1mPhoneme Create (0.1ms)[0m   [0mINSERT INTO "phonemes" ("phone") VALUES('IY0')[0m
  [4;36;1mPhoneme Create (0.1ms)[0m   [0;1mINSERT INTO "phonemes" ("phone") VALUES('IY1')[0m
  [4;35;1mPhoneme Create (0.1ms)[0m   [0mINSERT INTO "phonemes" ("phone") VALUES('IY2')[0m
  [4;36;1mPhoneme Create (0.1ms)[0m   [0;1mINSERT INTO "phonemes" ("phone") VALUES('JH')[0m
  [4;35;1mPhoneme Create (0.1ms)[0m   [0mINSERT INTO "phonemes" ("phone") VALUES('K')[0m
  [4;36;1mPhoneme Create (0.1ms)[0m   [0;1mINSERT INTO "phonemes" ("phone") VALUES('L')[0m
  [4;35;1mPhoneme Create (0.1ms)[0m   [0mINSERT INTO "phonemes" ("phone") VALUES('M')[0m
  [4;36;1mPhoneme Create (0.1ms)[0m   [0;1mINSERT INTO "phonemes" ("phone") VALUES('N')[0m
  [4;35;1mPhoneme Create (0.1ms)[0m   [0mINSERT INTO "phonemes" ("phone") VALUES('NG')[0m
  [4;36;1mPhoneme Create (0.1ms)[0m   [0;1mINSERT INTO "phonemes" ("phone") VALUES('OW')[0m
  [4;35;1mPhoneme Create (0.1ms)[0m   [0mINSERT INTO "phonemes" ("phone") VALUES('OW0')[0m
  [4;36;1mPhoneme Create (0.1ms)[0m   [0;1mINSERT INTO "phonemes" ("phone") VALUES('OW1')[0m
  [4;35;1mPhoneme Create (0.1ms)[0m   [0mINSERT INTO "phonemes" ("phone") VALUES('OW2')[0m
  [4;36;1mPhoneme Create (0.1ms)[0m   [0;1mINSERT INTO "phonemes" ("phone") VALUES('OY')[0m
  [4;35;1mPhoneme Create (0.1ms)[0m   [0mINSERT INTO "phonemes" ("phone") VALUES('OY0')[0m
  [4;36;1mPhoneme Create (0.1ms)[0m   [0;1mINSERT INTO "phonemes" ("phone") VALUES('OY1')[0m
  [4;35;1mPhoneme Create (0.1ms)[0m   [0mINSERT INTO "phonemes" ("phone") VALUES('OY2')[0m
  [4;36;1mPhoneme Create (0.1ms)[0m   [0;1mINSERT INTO "phonemes" ("phone") VALUES('P')[0m
  [4;35;1mPhoneme Create (0.1ms)[0m   [0mINSERT INTO "phonemes" ("phone") VALUES('R')[0m
  [4;36;1mPhoneme Create (0.1ms)[0m   [0;1mINSERT INTO "phonemes" ("phone") VALUES('S')[0m
  [4;35;1mPhoneme Create (0.1ms)[0m   [0mINSERT INTO "phonemes" ("phone") VALUES('SH')[0m
  [4;36;1mPhoneme Create (0.1ms)[0m   [0;1mINSERT INTO "phonemes" ("phone") VALUES('T')[0m
  [4;35;1mPhoneme Create (0.1ms)[0m   [0mINSERT INTO "phonemes" ("phone") VALUES('TH')[0m
  [4;36;1mPhoneme Create (0.1ms)[0m   [0;1mINSERT INTO "phonemes" ("phone") VALUES('UH')[0m
  [4;35;1mPhoneme Create (0.1ms)[0m   [0mINSERT INTO "phonemes" ("phone") VALUES('UH0')[0m
  [4;36;1mPhoneme Create (0.1ms)[0m   [0;1mINSERT INTO "phonemes" ("phone") VALUES('UH1')[0m
  [4;35;1mPhoneme Create (0.1ms)[0m   [0mINSERT INTO "phonemes" ("phone") VALUES('UH2')[0m
  [4;36;1mPhoneme Create (0.1ms)[0m   [0;1mINSERT INTO "phonemes" ("phone") VALUES('UW')[0m
  [4;35;1mPhoneme Create (0.1ms)[0m   [0mINSERT INTO "phonemes" ("phone") VALUES('UW0')[0m
  [4;36;1mPhoneme Create (0.1ms)[0m   [0;1mINSERT INTO "phonemes" ("phone") VALUES('UW1')[0m
  [4;35;1mPhoneme Create (0.1ms)[0m   [0mINSERT INTO "phonemes" ("phone") VALUES('UW2')[0m
  [4;36;1mPhoneme Create (0.1ms)[0m   [0;1mINSERT INTO "phonemes" ("phone") VALUES('V')[0m
  [4;35;1mPhoneme Create (0.1ms)[0m   [0mINSERT INTO "phonemes" ("phone") VALUES('W')[0m
  [4;36;1mPhoneme Create (0.1ms)[0m   [0;1mINSERT INTO "phonemes" ("phone") VALUES('Y')[0m
  [4;35;1mPhoneme Create (0.1ms)[0m   [0mINSERT INTO "phonemes" ("phone") VALUES('Z')[0m
  [4;36;1mPhoneme Create (0.1ms)[0m   [0;1mINSERT INTO "phonemes" ("phone") VALUES('ZH')[0m
  [4;35;1mSQL (0.1ms)[0m   [0mINSERT INTO schema_migrations (version) VALUES ('2')[0m
  [4;36;1mSQL (0.6ms)[0m   [0;1m SELECT name
 FROM sqlite_master
 WHERE type = 'table' AND NOT name = 'sqlite_sequence'
[0m
  [4;35;1mSQL (0.2ms)[0m   [0mSELECT version FROM schema_migrations[0m
Migrating to CreatePhonemes (1)
Migrating to ImportPhonemes (2)
Migrating to CreateKatakanas (3)
  [4;36;1mSQL (0.1ms)[0m   [0;1mselect sqlite_version(*)[0m
  [4;35;1mSQL (0.4ms)[0m   [0mCREATE TABLE "katakanas" ("id" INTEGER PRIMARY KEY AUTOINCREMENT NOT NULL, "characters" varchar(255) NOT NULL) [0m
  [4;36;1mSQL (0.1ms)[0m   [0;1mINSERT INTO schema_migrations (version) VALUES ('3')[0m
  [4;36;1mSQL (0.6ms)[0m   [0;1m SELECT name
 FROM sqlite_master
 WHERE type = 'table' AND NOT name = 'sqlite_sequence'
[0m
  [4;35;1mSQL (0.3ms)[0m   [0mSELECT version FROM schema_migrations[0m
Migrating to CreatePhonemes (1)
Migrating to ImportPhonemes (2)
Migrating to CreateKatakanas (3)
Migrating to ImportKatakanas (4)
  [4;36;1mSQL (0.1ms)[0m   [0;1mselect sqlite_version(*)[0m
  [4;36;1mSQL (0.7ms)[0m   [0;1m SELECT name
 FROM sqlite_master
 WHERE type = 'table' AND NOT name = 'sqlite_sequence'
[0m
  [4;35;1mSQL (0.3ms)[0m   [0mSELECT version FROM schema_migrations[0m
Migrating to CreatePhonemes (1)
Migrating to ImportPhonemes (2)
Migrating to CreateKatakanas (3)
Migrating to ImportKatakanas (4)
  [4;36;1mSQL (0.1ms)[0m   [0;1mselect sqlite_version(*)[0m
  [4;35;1mKatakana Create (0.5ms)[0m   [0mINSERT INTO "katakanas" ("characters") VALUES('ア')[0m
  [4;36;1mKatakana Create (0.1ms)[0m   [0;1mINSERT INTO "katakanas" ("characters") VALUES('イ')[0m
  [4;35;1mKatakana Create (0.1ms)[0m   [0mINSERT INTO "katakanas" ("characters") VALUES('ウ')[0m
  [4;36;1mKatakana Create (0.1ms)[0m   [0;1mINSERT INTO "katakanas" ("characters") VALUES('エ')[0m
  [4;35;1mKatakana Create (0.1ms)[0m   [0mINSERT INTO "katakanas" ("characters") VALUES('オ')[0m
  [4;36;1mKatakana Create (0.1ms)[0m   [0;1mINSERT INTO "katakanas" ("characters") VALUES('カ')[0m
  [4;35;1mKatakana Create (0.1ms)[0m   [0mINSERT INTO "katakanas" ("characters") VALUES('キ')[0m
  [4;36;1mKatakana Create (0.1ms)[0m   [0;1mINSERT INTO "katakanas" ("characters") VALUES('ク')[0m
  [4;35;1mKatakana Create (0.1ms)[0m   [0mINSERT INTO "katakanas" ("characters") VALUES('ケ')[0m
  [4;36;1mKatakana Create (0.1ms)[0m   [0;1mINSERT INTO "katakanas" ("characters") VALUES('コ')[0m
  [4;35;1mKatakana Create (0.1ms)[0m   [0mINSERT INTO "katakanas" ("characters") VALUES('サ')[0m
  [4;36;1mKatakana Create (0.1ms)[0m   [0;1mINSERT INTO "katakanas" ("characters") VALUES('シ')[0m
  [4;35;1mKatakana Create (0.1ms)[0m   [0mINSERT INTO "katakanas" ("characters") VALUES('ス')[0m
  [4;36;1mKatakana Create (0.1ms)[0m   [0;1mINSERT INTO "katakanas" ("characters") VALUES('セ')[0m
  [4;35;1mKatakana Create (0.1ms)[0m   [0mINSERT INTO "katakanas" ("characters") VALUES('ソ')[0m
  [4;36;1mKatakana Create (0.1ms)[0m   [0;1mINSERT INTO "katakanas" ("characters") VALUES('タ')[0m
  [4;35;1mKatakana Create (0.1ms)[0m   [0mINSERT INTO "katakanas" ("characters") VALUES('チ')[0m
  [4;36;1mKatakana Create (0.1ms)[0m   [0;1mINSERT INTO "katakanas" ("characters") VALUES('ツ')[0m
  [4;35;1mKatakana Create (0.1ms)[0m   [0mINSERT INTO "katakanas" ("characters") VALUES('テ')[0m
  [4;36;1mKatakana Create (0.1ms)[0m   [0;1mINSERT INTO "katakanas" ("characters") VALUES('ト')[0m
  [4;35;1mKatakana Create (0.1ms)[0m   [0mINSERT INTO "katakanas" ("characters") VALUES('ナ')[0m
  [4;36;1mKatakana Create (0.1ms)[0m   [0;1mINSERT INTO "katakanas" ("characters") VALUES('ニ')[0m
  [4;35;1mKatakana Create (0.1ms)[0m   [0mINSERT INTO "katakanas" ("characters") VALUES('ヌ')[0m
  [4;36;1mKatakana Create (0.1ms)[0m   [0;1mINSERT INTO "katakanas" ("characters") VALUES('ネ')[0m
  [4;35;1mKatakana Create (0.1ms)[0m   [0mINSERT INTO "katakanas" ("characters") VALUES('ノ')[0m
  [4;36;1mKatakana Create (0.1ms)[0m   [0;1mINSERT INTO "katakanas" ("characters") VALUES('ハ')[0m
  [4;35;1mKatakana Create (0.1ms)[0m   [0mINSERT INTO "katakanas" ("characters") VALUES('ヒ')[0m
  [4;36;1mKatakana Create (0.1ms)[0m   [0;1mINSERT INTO "katakanas" ("characters") VALUES('フ')[0m
  [4;35;1mKatakana Create (0.1ms)[0m   [0mINSERT INTO "katakanas" ("characters") VALUES('ヘ')[0m
  [4;36;1mKatakana Create (0.1ms)[0m   [0;1mINSERT INTO "katakanas" ("characters") VALUES('ホ')[0m
  [4;35;1mKatakana Create (0.1ms)[0m   [0mINSERT INTO "katakanas" ("characters") VALUES('マ')[0m
  [4;36;1mKatakana Create (0.1ms)[0m   [0;1mINSERT INTO "katakanas" ("characters") VALUES('ミ')[0m
  [4;35;1mKatakana Create (0.1ms)[0m   [0mINSERT INTO "katakanas" ("characters") VALUES('ム')[0m
  [4;36;1mKatakana Create (0.1ms)[0m   [0;1mINSERT INTO "katakanas" ("characters") VALUES('メ')[0m
  [4;35;1mKatakana Create (0.1ms)[0m   [0mINSERT INTO "katakanas" ("characters") VALUES('モ')[0m
  [4;36;1mKatakana Create (0.1ms)[0m   [0;1mINSERT INTO "katakanas" ("characters") VALUES('ヤ')[0m
  [4;35;1mKatakana Create (0.1ms)[0m   [0mINSERT INTO "katakanas" ("characters") VALUES('イ')[0m
  [4;36;1mKatakana Create (0.1ms)[0m   [0;1mINSERT INTO "katakanas" ("characters") VALUES('ユ')[0m
  [4;35;1mKatakana Create (0.1ms)[0m   [0mINSERT INTO "katakanas" ("characters") VALUES('ヨ')[0m
  [4;36;1mKatakana Create (0.1ms)[0m   [0;1mINSERT INTO "katakanas" ("characters") VALUES('ラ')[0m
  [4;35;1mKatakana Create (0.1ms)[0m   [0mINSERT INTO "katakanas" ("characters") VALUES('リ')[0m
  [4;36;1mKatakana Create (0.1ms)[0m   [0;1mINSERT INTO "katakanas" ("characters") VALUES('ル')[0m
  [4;35;1mKatakana Create (0.1ms)[0m   [0mINSERT INTO "katakanas" ("characters") VALUES('レ')[0m
  [4;36;1mKatakana Create (0.1ms)[0m   [0;1mINSERT INTO "katakanas" ("characters") VALUES('ロ')[0m
  [4;35;1mKatakana Create (0.1ms)[0m   [0mINSERT INTO "katakanas" ("characters") VALUES('ワ')[0m
  [4;36;1mKatakana Create (0.1ms)[0m   [0;1mINSERT INTO "katakanas" ("characters") VALUES('ウ')[0m
  [4;35;1mKatakana Create (0.1ms)[0m   [0mINSERT INTO "katakanas" ("characters") VALUES('ヲ')[0m
  [4;36;1mSQL (0.2ms)[0m   [0;1mINSERT INTO schema_migrations (version) VALUES ('4')[0m
  [4;36;1mSQL (0.6ms)[0m   [0;1m SELECT name
 FROM sqlite_master
 WHERE type = 'table' AND NOT name = 'sqlite_sequence'
[0m
  [4;35;1mSQL (0.3ms)[0m   [0mSELECT version FROM schema_migrations[0m
  [4;36;1mSQL (0.3ms)[0m   [0;1m SELECT name
 FROM sqlite_master
 WHERE type = 'table' AND NOT name = 'sqlite_sequence'
[0m
  [4;35;1mSQL (0.3ms)[0m   [0mSELECT version FROM schema_migrations[0m
Migrating to ImportKatakanas (4)
  [4;36;1mSQL (0.1ms)[0m   [0;1mselect sqlite_version(*)[0m
  [4;35;1mKatakana Delete all (0.4ms)[0m   [0mDELETE FROM "katakanas" WHERE 1=1[0m
  [4;36;1mSQL (0.1ms)[0m   [0;1mDELETE FROM schema_migrations WHERE version = '4'[0m
Migrating to CreateKatakanas (3)
  [4;35;1mSQL (0.4ms)[0m   [0mDROP TABLE "katakanas"[0m
  [4;36;1mSQL (0.1ms)[0m   [0;1mDELETE FROM schema_migrations WHERE version = '3'[0m
Migrating to ImportPhonemes (2)
  [4;35;1mPhoneme Delete all (0.2ms)[0m   [0mDELETE FROM "phonemes" WHERE 1=1[0m
  [4;36;1mSQL (0.1ms)[0m   [0;1mDELETE FROM schema_migrations WHERE version = '2'[0m
Migrating to CreatePhonemes (1)
  [4;35;1mSQL (0.3ms)[0m   [0mDROP TABLE "phonemes"[0m
  [4;36;1mSQL (0.1ms)[0m   [0;1mDELETE FROM schema_migrations WHERE version = '1'[0m
  [4;36;1mSQL (0.7ms)[0m   [0;1m SELECT name
 FROM sqlite_master
 WHERE type = 'table' AND NOT name = 'sqlite_sequence'
[0m
  [4;35;1mSQL (0.1ms)[0m   [0mSELECT version FROM schema_migrations[0m
Migrating to CreatePhonemes (1)
  [4;36;1mSQL (0.8ms)[0m   [0;1mselect sqlite_version(*)[0m
  [4;35;1mSQL (0.7ms)[0m   [0mCREATE TABLE "phonemes" ("id" INTEGER PRIMARY KEY AUTOINCREMENT NOT NULL, "phone" varchar(255) NOT NULL) [0m
  [4;36;1mSQL (0.2ms)[0m   [0;1mINSERT INTO schema_migrations (version) VALUES ('1')[0m
Migrating to ImportPhonemes (2)
  [4;35;1mPhoneme Create (0.6ms)[0m   [0mINSERT INTO "phonemes" ("phone") VALUES('AA')[0m
  [4;36;1mPhoneme Create (0.2ms)[0m   [0;1mINSERT INTO "phonemes" ("phone") VALUES('AA0')[0m
  [4;35;1mPhoneme Create (0.1ms)[0m   [0mINSERT INTO "phonemes" ("phone") VALUES('AA1')[0m
  [4;36;1mPhoneme Create (0.2ms)[0m   [0;1mINSERT INTO "phonemes" ("phone") VALUES('AA2')[0m
  [4;35;1mPhoneme Create (0.1ms)[0m   [0mINSERT INTO "phonemes" ("phone") VALUES('AE')[0m
  [4;36;1mPhoneme Create (0.2ms)[0m   [0;1mINSERT INTO "phonemes" ("phone") VALUES('AE0')[0m
  [4;35;1mPhoneme Create (0.1ms)[0m   [0mINSERT INTO "phonemes" ("phone") VALUES('AE1')[0m
  [4;36;1mPhoneme Create (0.1ms)[0m   [0;1mINSERT INTO "phonemes" ("phone") VALUES('AE2')[0m
  [4;35;1mPhoneme Create (0.1ms)[0m   [0mINSERT INTO "phonemes" ("phone") VALUES('AH')[0m
  [4;36;1mPhoneme Create (0.1ms)[0m   [0;1mINSERT INTO "phonemes" ("phone") VALUES('AH0')[0m
  [4;35;1mPhoneme Create (0.1ms)[0m   [0mINSERT INTO "phonemes" ("phone") VALUES('AH1')[0m
  [4;36;1mPhoneme Create (0.1ms)[0m   [0;1mINSERT INTO "phonemes" ("phone") VALUES('AH2')[0m
  [4;35;1mPhoneme Create (0.1ms)[0m   [0mINSERT INTO "phonemes" ("phone") VALUES('AO')[0m
  [4;36;1mPhoneme Create (0.1ms)[0m   [0;1mINSERT INTO "phonemes" ("phone") VALUES('AO0')[0m
  [4;35;1mPhoneme Create (0.1ms)[0m   [0mINSERT INTO "phonemes" ("phone") VALUES('AO1')[0m
  [4;36;1mPhoneme Create (0.1ms)[0m   [0;1mINSERT INTO "phonemes" ("phone") VALUES('AO2')[0m
  [4;35;1mPhoneme Create (0.1ms)[0m   [0mINSERT INTO "phonemes" ("phone") VALUES('AW')[0m
  [4;36;1mPhoneme Create (0.1ms)[0m   [0;1mINSERT INTO "phonemes" ("phone") VALUES('AW0')[0m
  [4;35;1mPhoneme Create (0.1ms)[0m   [0mINSERT INTO "phonemes" ("phone") VALUES('AW1')[0m
  [4;36;1mPhoneme Create (0.1ms)[0m   [0;1mINSERT INTO "phonemes" ("phone") VALUES('AW2')[0m
  [4;35;1mPhoneme Create (0.1ms)[0m   [0mINSERT INTO "phonemes" ("phone") VALUES('AY')[0m
  [4;36;1mPhoneme Create (0.1ms)[0m   [0;1mINSERT INTO "phonemes" ("phone") VALUES('AY0')[0m
  [4;35;1mPhoneme Create (0.1ms)[0m   [0mINSERT INTO "phonemes" ("phone") VALUES('AY1')[0m
  [4;36;1mPhoneme Create (0.1ms)[0m   [0;1mINSERT INTO "phonemes" ("phone") VALUES('AY2')[0m
  [4;35;1mPhoneme Create (0.1ms)[0m   [0mINSERT INTO "phonemes" ("phone") VALUES('B')[0m
  [4;36;1mPhoneme Create (0.1ms)[0m   [0;1mINSERT INTO "phonemes" ("phone") VALUES('CH')[0m
  [4;35;1mPhoneme Create (0.1ms)[0m   [0mINSERT INTO "phonemes" ("phone") VALUES('D')[0m
  [4;36;1mPhoneme Create (0.1ms)[0m   [0;1mINSERT INTO "phonemes" ("phone") VALUES('DH')[0m
  [4;35;1mPhoneme Create (0.1ms)[0m   [0mINSERT INTO "phonemes" ("phone") VALUES('EH')[0m
  [4;36;1mPhoneme Create (0.1ms)[0m   [0;1mINSERT INTO "phonemes" ("phone") VALUES('EH0')[0m
  [4;35;1mPhoneme Create (0.1ms)[0m   [0mINSERT INTO "phonemes" ("phone") VALUES('EH1')[0m
  [4;36;1mPhoneme Create (0.1ms)[0m   [0;1mINSERT INTO "phonemes" ("phone") VALUES('EH2')[0m
  [4;35;1mPhoneme Create (0.1ms)[0m   [0mINSERT INTO "phonemes" ("phone") VALUES('ER')[0m
  [4;36;1mPhoneme Create (0.1ms)[0m   [0;1mINSERT INTO "phonemes" ("phone") VALUES('ER0')[0m
  [4;35;1mPhoneme Create (0.1ms)[0m   [0mINSERT INTO "phonemes" ("phone") VALUES('ER1')[0m
  [4;36;1mPhoneme Create (0.1ms)[0m   [0;1mINSERT INTO "phonemes" ("phone") VALUES('ER2')[0m
  [4;35;1mPhoneme Create (0.1ms)[0m   [0mINSERT INTO "phonemes" ("phone") VALUES('EY')[0m
  [4;36;1mPhoneme Create (0.1ms)[0m   [0;1mINSERT INTO "phonemes" ("phone") VALUES('EY0')[0m
  [4;35;1mPhoneme Create (0.1ms)[0m   [0mINSERT INTO "phonemes" ("phone") VALUES('EY1')[0m
  [4;36;1mPhoneme Create (0.1ms)[0m   [0;1mINSERT INTO "phonemes" ("phone") VALUES('EY2')[0m
  [4;35;1mPhoneme Create (0.1ms)[0m   [0mINSERT INTO "phonemes" ("phone") VALUES('F')[0m
  [4;36;1mPhoneme Create (0.1ms)[0m   [0;1mINSERT INTO "phonemes" ("phone") VALUES('G')[0m
  [4;35;1mPhoneme Create (0.1ms)[0m   [0mINSERT INTO "phonemes" ("phone") VALUES('HH')[0m
  [4;36;1mPhoneme Create (0.1ms)[0m   [0;1mINSERT INTO "phonemes" ("phone") VALUES('IH')[0m
  [4;35;1mPhoneme Create (0.1ms)[0m   [0mINSERT INTO "phonemes" ("phone") VALUES('IH0')[0m
  [4;36;1mPhoneme Create (0.1ms)[0m   [0;1mINSERT INTO "phonemes" ("phone") VALUES('IH1')[0m
  [4;35;1mPhoneme Create (0.1ms)[0m   [0mINSERT INTO "phonemes" ("phone") VALUES('IH2')[0m
  [4;36;1mPhoneme Create (0.1ms)[0m   [0;1mINSERT INTO "phonemes" ("phone") VALUES('IY')[0m
  [4;35;1mPhoneme Create (0.1ms)[0m   [0mINSERT INTO "phonemes" ("phone") VALUES('IY0')[0m
  [4;36;1mPhoneme Create (0.1ms)[0m   [0;1mINSERT INTO "phonemes" ("phone") VALUES('IY1')[0m
  [4;35;1mPhoneme Create (0.1ms)[0m   [0mINSERT INTO "phonemes" ("phone") VALUES('IY2')[0m
  [4;36;1mPhoneme Create (0.1ms)[0m   [0;1mINSERT INTO "phonemes" ("phone") VALUES('JH')[0m
  [4;35;1mPhoneme Create (0.1ms)[0m   [0mINSERT INTO "phonemes" ("phone") VALUES('K')[0m
  [4;36;1mPhoneme Create (0.1ms)[0m   [0;1mINSERT INTO "phonemes" ("phone") VALUES('L')[0m
  [4;35;1mPhoneme Create (0.1ms)[0m   [0mINSERT INTO "phonemes" ("phone") VALUES('M')[0m
  [4;36;1mPhoneme Create (0.1ms)[0m   [0;1mINSERT INTO "phonemes" ("phone") VALUES('N')[0m
  [4;35;1mPhoneme Create (0.1ms)[0m   [0mINSERT INTO "phonemes" ("phone") VALUES('NG')[0m
  [4;36;1mPhoneme Create (0.1ms)[0m   [0;1mINSERT INTO "phonemes" ("phone") VALUES('OW')[0m
  [4;35;1mPhoneme Create (0.1ms)[0m   [0mINSERT INTO "phonemes" ("phone") VALUES('OW0')[0m
  [4;36;1mPhoneme Create (0.1ms)[0m   [0;1mINSERT INTO "phonemes" ("phone") VALUES('OW1')[0m
  [4;35;1mPhoneme Create (0.1ms)[0m   [0mINSERT INTO "phonemes" ("phone") VALUES('OW2')[0m
  [4;36;1mPhoneme Create (0.1ms)[0m   [0;1mINSERT INTO "phonemes" ("phone") VALUES('OY')[0m
  [4;35;1mPhoneme Create (0.1ms)[0m   [0mINSERT INTO "phonemes" ("phone") VALUES('OY0')[0m
  [4;36;1mPhoneme Create (0.1ms)[0m   [0;1mINSERT INTO "phonemes" ("phone") VALUES('OY1')[0m
  [4;35;1mPhoneme Create (0.1ms)[0m   [0mINSERT INTO "phonemes" ("phone") VALUES('OY2')[0m
  [4;36;1mPhoneme Create (0.1ms)[0m   [0;1mINSERT INTO "phonemes" ("phone") VALUES('P')[0m
  [4;35;1mPhoneme Create (0.1ms)[0m   [0mINSERT INTO "phonemes" ("phone") VALUES('R')[0m
  [4;36;1mPhoneme Create (0.1ms)[0m   [0;1mINSERT INTO "phonemes" ("phone") VALUES('S')[0m
  [4;35;1mPhoneme Create (0.1ms)[0m   [0mINSERT INTO "phonemes" ("phone") VALUES('SH')[0m
  [4;36;1mPhoneme Create (0.1ms)[0m   [0;1mINSERT INTO "phonemes" ("phone") VALUES('T')[0m
  [4;35;1mPhoneme Create (0.1ms)[0m   [0mINSERT INTO "phonemes" ("phone") VALUES('TH')[0m
  [4;36;1mPhoneme Create (0.1ms)[0m   [0;1mINSERT INTO "phonemes" ("phone") VALUES('UH')[0m
  [4;35;1mPhoneme Create (0.1ms)[0m   [0mINSERT INTO "phonemes" ("phone") VALUES('UH0')[0m
  [4;36;1mPhoneme Create (0.1ms)[0m   [0;1mINSERT INTO "phonemes" ("phone") VALUES('UH1')[0m
  [4;35;1mPhoneme Create (0.1ms)[0m   [0mINSERT INTO "phonemes" ("phone") VALUES('UH2')[0m
  [4;36;1mPhoneme Create (0.1ms)[0m   [0;1mINSERT INTO "phonemes" ("phone") VALUES('UW')[0m
  [4;35;1mPhoneme Create (0.1ms)[0m   [0mINSERT INTO "phonemes" ("phone") VALUES('UW0')[0m
  [4;36;1mPhoneme Create (0.1ms)[0m   [0;1mINSERT INTO "phonemes" ("phone") VALUES('UW1')[0m
  [4;35;1mPhoneme Create (0.1ms)[0m   [0mINSERT INTO "phonemes" ("phone") VALUES('UW2')[0m
  [4;36;1mPhoneme Create (0.1ms)[0m   [0;1mINSERT INTO "phonemes" ("phone") VALUES('V')[0m
  [4;35;1mPhoneme Create (0.1ms)[0m   [0mINSERT INTO "phonemes" ("phone") VALUES('W')[0m
  [4;36;1mPhoneme Create (0.1ms)[0m   [0;1mINSERT INTO "phonemes" ("phone") VALUES('Y')[0m
  [4;35;1mPhoneme Create (0.1ms)[0m   [0mINSERT INTO "phonemes" ("phone") VALUES('Z')[0m
  [4;36;1mPhoneme Create (0.1ms)[0m   [0;1mINSERT INTO "phonemes" ("phone") VALUES('ZH')[0m
  [4;35;1mSQL (0.1ms)[0m   [0mINSERT INTO schema_migrations (version) VALUES ('2')[0m
Migrating to CreateKatakanas (3)
  [4;36;1mSQL (0.5ms)[0m   [0;1mCREATE TABLE "katakanas" ("id" INTEGER PRIMARY KEY AUTOINCREMENT NOT NULL, "characters" varchar(255) NOT NULL) [0m
  [4;35;1mSQL (0.4ms)[0m   [0mINSERT INTO schema_migrations (version) VALUES ('3')[0m
Migrating to ImportKatakanas (4)
  [4;36;1mKatakana Create (0.3ms)[0m   [0;1mINSERT INTO "katakanas" ("characters") VALUES('ア')[0m
  [4;35;1mKatakana Create (0.1ms)[0m   [0mINSERT INTO "katakanas" ("characters") VALUES('イ')[0m
  [4;36;1mKatakana Create (0.1ms)[0m   [0;1mINSERT INTO "katakanas" ("characters") VALUES('ウ')[0m
  [4;35;1mKatakana Create (0.1ms)[0m   [0mINSERT INTO "katakanas" ("characters") VALUES('エ')[0m
  [4;36;1mKatakana Create (0.1ms)[0m   [0;1mINSERT INTO "katakanas" ("characters") VALUES('オ')[0m
  [4;35;1mKatakana Create (0.1ms)[0m   [0mINSERT INTO "katakanas" ("characters") VALUES('カ')[0m
  [4;36;1mKatakana Create (0.1ms)[0m   [0;1mINSERT INTO "katakanas" ("characters") VALUES('キ')[0m
  [4;35;1mKatakana Create (0.1ms)[0m   [0mINSERT INTO "katakanas" ("characters") VALUES('ク')[0m
  [4;36;1mKatakana Create (0.1ms)[0m   [0;1mINSERT INTO "katakanas" ("characters") VALUES('ケ')[0m
  [4;35;1mKatakana Create (0.1ms)[0m   [0mINSERT INTO "katakanas" ("characters") VALUES('コ')[0m
  [4;36;1mKatakana Create (0.1ms)[0m   [0;1mINSERT INTO "katakanas" ("characters") VALUES('サ')[0m
  [4;35;1mKatakana Create (0.2ms)[0m   [0mINSERT INTO "katakanas" ("characters") VALUES('シ')[0m
  [4;36;1mKatakana Create (0.1ms)[0m   [0;1mINSERT INTO "katakanas" ("characters") VALUES('ス')[0m
  [4;35;1mKatakana Create (0.1ms)[0m   [0mINSERT INTO "katakanas" ("characters") VALUES('セ')[0m
  [4;36;1mKatakana Create (0.1ms)[0m   [0;1mINSERT INTO "katakanas" ("characters") VALUES('ソ')[0m
  [4;35;1mKatakana Create (0.1ms)[0m   [0mINSERT INTO "katakanas" ("characters") VALUES('タ')[0m
  [4;36;1mKatakana Create (0.1ms)[0m   [0;1mINSERT INTO "katakanas" ("characters") VALUES('チ')[0m
  [4;35;1mKatakana Create (0.1ms)[0m   [0mINSERT INTO "katakanas" ("characters") VALUES('ツ')[0m
  [4;36;1mKatakana Create (0.1ms)[0m   [0;1mINSERT INTO "katakanas" ("characters") VALUES('テ')[0m
  [4;35;1mKatakana Create (0.1ms)[0m   [0mINSERT INTO "katakanas" ("characters") VALUES('ト')[0m
  [4;36;1mKatakana Create (0.1ms)[0m   [0;1mINSERT INTO "katakanas" ("characters") VALUES('ナ')[0m
  [4;35;1mKatakana Create (0.1ms)[0m   [0mINSERT INTO "katakanas" ("characters") VALUES('ニ')[0m
  [4;36;1mKatakana Create (0.1ms)[0m   [0;1mINSERT INTO "katakanas" ("characters") VALUES('ヌ')[0m
  [4;35;1mKatakana Create (0.1ms)[0m   [0mINSERT INTO "katakanas" ("characters") VALUES('ネ')[0m
  [4;36;1mKatakana Create (0.1ms)[0m   [0;1mINSERT INTO "katakanas" ("characters") VALUES('ノ')[0m
  [4;35;1mKatakana Create (0.1ms)[0m   [0mINSERT INTO "katakanas" ("characters") VALUES('ハ')[0m
  [4;36;1mKatakana Create (0.1ms)[0m   [0;1mINSERT INTO "katakanas" ("characters") VALUES('ヒ')[0m
  [4;35;1mKatakana Create (0.1ms)[0m   [0mINSERT INTO "katakanas" ("characters") VALUES('フ')[0m
  [4;36;1mKatakana Create (0.1ms)[0m   [0;1mINSERT INTO "katakanas" ("characters") VALUES('ヘ')[0m
  [4;35;1mKatakana Create (0.1ms)[0m   [0mINSERT INTO "katakanas" ("characters") VALUES('ホ')[0m
  [4;36;1mKatakana Create (0.1ms)[0m   [0;1mINSERT INTO "katakanas" ("characters") VALUES('マ')[0m
  [4;35;1mKatakana Create (0.1ms)[0m   [0mINSERT INTO "katakanas" ("characters") VALUES('ミ')[0m
  [4;36;1mKatakana Create (0.1ms)[0m   [0;1mINSERT INTO "katakanas" ("characters") VALUES('ム')[0m
  [4;35;1mKatakana Create (0.1ms)[0m   [0mINSERT INTO "katakanas" ("characters") VALUES('メ')[0m
  [4;36;1mKatakana Create (0.1ms)[0m   [0;1mINSERT INTO "katakanas" ("characters") VALUES('モ')[0m
  [4;35;1mKatakana Create (0.1ms)[0m   [0mINSERT INTO "katakanas" ("characters") VALUES('ヤ')[0m
  [4;36;1mKatakana Create (0.1ms)[0m   [0;1mINSERT INTO "katakanas" ("characters") VALUES('ユ')[0m
  [4;35;1mKatakana Create (0.1ms)[0m   [0mINSERT INTO "katakanas" ("characters") VALUES('ヨ')[0m
  [4;36;1mKatakana Create (0.5ms)[0m   [0;1mINSERT INTO "katakanas" ("characters") VALUES('ラ')[0m
  [4;35;1mKatakana Create (0.1ms)[0m   [0mINSERT INTO "katakanas" ("characters") VALUES('リ')[0m
  [4;36;1mKatakana Create (0.1ms)[0m   [0;1mINSERT INTO "katakanas" ("characters") VALUES('ル')[0m
  [4;35;1mKatakana Create (0.1ms)[0m   [0mINSERT INTO "katakanas" ("characters") VALUES('レ')[0m
  [4;36;1mKatakana Create (0.1ms)[0m   [0;1mINSERT INTO "katakanas" ("characters") VALUES('ロ')[0m
  [4;35;1mKatakana Create (0.1ms)[0m   [0mINSERT INTO "katakanas" ("characters") VALUES('ワ')[0m
  [4;36;1mKatakana Create (0.1ms)[0m   [0;1mINSERT INTO "katakanas" ("characters") VALUES('ウ')[0m
  [4;35;1mSQL (0.1ms)[0m   [0mINSERT INTO schema_migrations (version) VALUES ('4')[0m
